[2020-09-21 08:09:27] [E_NOTICE: Undefined variable: asdasda] [IN FILE C:\xampp\htdocs\framework\index.php] [LINE 8]
[2020-09-21 08:09:36] [E_NOTICE: Undefined index: usuarios] [IN FILE C:\xampp\htdocs\framework\protected\temp\template\d562b7a821f4395caea8c64c8180cba5b2213033_0.file.index.tpl.php] [LINE 53]
[2020-09-21 08:09:58] [E_NOTICE: Undefined index: usuarios] [IN FILE C:\xampp\htdocs\framework\protected\temp\template\d562b7a821f4395caea8c64c8180cba5b2213033_0.file.index.tpl.php] [LINE 53]
[2020-09-21 09:09:30] [E_WARNING: Use of undefined constant DB_PREFIX - assumed 'DB_PREFIX' (this will throw an Error in a future version of PHP)] [IN FILE C:\xampp\htdocs\app\core\Core\CModel.php] [LINE 12]
[2020-09-21 09:09:44] [E_NOTICE: Undefined variable: m] [IN FILE C:\xampp\htdocs\app\protected\controllers\loginController.php] [LINE 12]
[2020-09-21 10:09:03] [E_PARSE: syntax error, unexpected '}', expecting ';' or ','] [IN FILE C:\xampp\htdocs\app\core\Core\CModel.php] [LINE 28]
[2020-09-21 10:09:10] [E_ERROR: Uncaught Error: Call to undefined function pirnt_r() in C:\xampp\htdocs\app\protected\controllers\loginController.php:12
Stack trace:
#0 C:\xampp\htdocs\app\core\Core\CBoot.php(48): loginController->index()
#1 C:\xampp\htdocs\app\index.php(9): CBoot->__construct(Object(CRequest))
#2 {main}
  thrown] [IN FILE C:\xampp\htdocs\app\protected\controllers\loginController.php] [LINE 12]
[2020-09-21 10:09:28] [E_ERROR: Uncaught Error: Call to undefined function pirnt_r() in C:\xampp\htdocs\app\protected\controllers\loginController.php:12
Stack trace:
#0 C:\xampp\htdocs\app\core\Core\CBoot.php(48): loginController->index()
#1 C:\xampp\htdocs\app\index.php(9): CBoot->__construct(Object(CRequest))
#2 {main}
  thrown] [IN FILE C:\xampp\htdocs\app\protected\controllers\loginController.php] [LINE 12]
[2020-09-21 10:09:48] [E_ERROR: Uncaught ArgumentCountError: Too few arguments to function usuariosModel::check_login(), 0 passed in C:\xampp\htdocs\app\protected\controllers\loginController.php on line 12 and exactly 2 expected in C:\xampp\htdocs\app\protected\models\usuariosModel.php:12
Stack trace:
#0 C:\xampp\htdocs\app\protected\controllers\loginController.php(12): usuariosModel->check_login()
#1 C:\xampp\htdocs\app\core\Core\CBoot.php(48): loginController->index()
#2 C:\xampp\htdocs\app\index.php(9): CBoot->__construct(Object(CRequest))
#3 {main}
  thrown] [IN FILE C:\xampp\htdocs\app\protected\models\usuariosModel.php] [LINE 12]
[2020-09-21 11:09:29] [E_ERROR: Uncaught Error: Call to undefined method usuariosModel::check_access() in C:\xampp\htdocs\app\protected\controllers\loginController.php:12
Stack trace:
#0 C:\xampp\htdocs\app\core\Core\CBoot.php(48): loginController->index()
#1 C:\xampp\htdocs\app\index.php(9): CBoot->__construct(Object(CRequest))
#2 {main}
  thrown] [IN FILE C:\xampp\htdocs\app\protected\controllers\loginController.php] [LINE 12]
[2020-09-21 11:09:02] [E_ERROR: Uncaught Error: Call to undefined method usuariosModel::check_access() in C:\xampp\htdocs\app\protected\controllers\loginController.php:12
Stack trace:
#0 C:\xampp\htdocs\app\core\Core\CBoot.php(48): loginController->index()
#1 C:\xampp\htdocs\app\index.php(9): CBoot->__construct(Object(CRequest))
#2 {main}
  thrown] [IN FILE C:\xampp\htdocs\app\protected\controllers\loginController.php] [LINE 12]
[2020-09-22 12:09:31] [E_PARSE: syntax error, unexpected '}'] [IN FILE C:\xampp\htdocs\app\core\Core\CSession.php] [LINE 26]
[2020-09-22 12:09:57] [E_ERROR: Uncaught Error: Call to undefined method usuariosModel::check_access() in C:\xampp\htdocs\app\protected\controllers\loginController.php:12
Stack trace:
#0 C:\xampp\htdocs\app\core\Core\CBoot.php(48): loginController->index()
#1 C:\xampp\htdocs\app\index.php(9): CBoot->__construct(Object(CRequest))
#2 {main}
  thrown] [IN FILE C:\xampp\htdocs\app\protected\controllers\loginController.php] [LINE 12]
[2020-09-22 12:09:55] [E_ERROR: Uncaught Error: Call to undefined method usuariosModel::check_access() in C:\xampp\htdocs\app\protected\controllers\loginController.php:12
Stack trace:
#0 C:\xampp\htdocs\app\core\Core\CBoot.php(48): loginController->index()
#1 C:\xampp\htdocs\app\index.php(9): CBoot->__construct(Object(CRequest))
#2 {main}
  thrown] [IN FILE C:\xampp\htdocs\app\protected\controllers\loginController.php] [LINE 12]
[2020-09-22 12:09:12] [E_ERROR: Uncaught Error: Call to undefined method usuariosModel::check_access() in C:\xampp\htdocs\app\protected\controllers\loginController.php:12
Stack trace:
#0 C:\xampp\htdocs\app\core\Core\CBoot.php(48): loginController->index()
#1 C:\xampp\htdocs\app\index.php(9): CBoot->__construct(Object(CRequest))
#2 {main}
  thrown] [IN FILE C:\xampp\htdocs\app\protected\controllers\loginController.php] [LINE 12]
[2020-09-22 12:09:24] [E_ERROR: Uncaught Error: Call to undefined method usuariosModel::check_access() in C:\xampp\htdocs\app\protected\controllers\loginController.php:12
Stack trace:
#0 C:\xampp\htdocs\app\core\Core\CBoot.php(48): loginController->index()
#1 C:\xampp\htdocs\app\index.php(9): CBoot->__construct(Object(CRequest))
#2 {main}
  thrown] [IN FILE C:\xampp\htdocs\app\protected\controllers\loginController.php] [LINE 12]
[2020-09-22 12:09:26] [E_ERROR: Uncaught Error: Call to undefined method usuariosModel::check_access() in C:\xampp\htdocs\app\protected\controllers\loginController.php:12
Stack trace:
#0 C:\xampp\htdocs\app\core\Core\CBoot.php(48): loginController->index()
#1 C:\xampp\htdocs\app\index.php(9): CBoot->__construct(Object(CRequest))
#2 {main}
  thrown] [IN FILE C:\xampp\htdocs\app\protected\controllers\loginController.php] [LINE 12]
[2020-09-22 12:09:01] [E_ERROR: Uncaught Error: Call to undefined method usuariosModel::check_access() in C:\xampp\htdocs\app\protected\controllers\loginController.php:12
Stack trace:
#0 C:\xampp\htdocs\app\core\Core\CBoot.php(48): loginController->index()
#1 C:\xampp\htdocs\app\index.php(9): CBoot->__construct(Object(CRequest))
#2 {main}
  thrown] [IN FILE C:\xampp\htdocs\app\protected\controllers\loginController.php] [LINE 12]
[2020-09-22 12:09:02] [E_ERROR: Uncaught Error: Call to undefined method usuariosModel::check_access() in C:\xampp\htdocs\app\protected\controllers\loginController.php:12
Stack trace:
#0 C:\xampp\htdocs\app\core\Core\CBoot.php(48): loginController->index()
#1 C:\xampp\htdocs\app\index.php(9): CBoot->__construct(Object(CRequest))
#2 {main}
  thrown] [IN FILE C:\xampp\htdocs\app\protected\controllers\loginController.php] [LINE 12]
[2020-09-22 12:09:08] [E_ERROR: Uncaught Error: Call to undefined method usuariosModel::check_access() in C:\xampp\htdocs\app\protected\controllers\loginController.php:12
Stack trace:
#0 C:\xampp\htdocs\app\core\Core\CBoot.php(48): loginController->index()
#1 C:\xampp\htdocs\app\index.php(9): CBoot->__construct(Object(CRequest))
#2 {main}
  thrown] [IN FILE C:\xampp\htdocs\app\protected\controllers\loginController.php] [LINE 12]
[2020-09-22 12:09:25] [E_PARSE: syntax error, unexpected 'm' (T_STRING)] [IN FILE C:\xampp\htdocs\app\protected\controllers\loginController.php] [LINE 14]
[2020-09-22 03:09:30] [E_NOTICE: Trying to access array offset on value of type bool] [IN FILE C:\xampp\htdocs\app\core\Core\CAuthenticator.php] [LINE 35]
[2020-09-22 03:09:57] [E_WARNING: Illegal string offset 'id'] [IN FILE C:\xampp\htdocs\app\core\Core\CAuthenticator.php] [LINE 11]
[2020-09-22 03:09:07] [E_NOTICE: Trying to access array offset on value of type null] [IN FILE C:\xampp\htdocs\app\core\Core\CAuthenticator.php] [LINE 11]
[2020-09-22 03:09:58] [E_PARSE: syntax error, unexpected 'if' (T_IF)] [IN FILE C:\xampp\htdocs\app\core\Core\CAuthenticator.php] [LINE 12]
[2020-09-22 03:09:34] [E_NOTICE: Trying to access array offset on value of type null] [IN FILE C:\xampp\htdocs\app\core\Core\CAuthenticator.php] [LINE 12]
[2020-09-22 03:09:40] [E_NOTICE: Trying to access array offset on value of type null] [IN FILE C:\xampp\htdocs\app\core\Core\CAuthenticator.php] [LINE 12]
[2020-09-22 03:09:52] [E_NOTICE: Trying to access array offset on value of type null] [IN FILE C:\xampp\htdocs\app\core\Core\CAuthenticator.php] [LINE 12]
[2020-09-22 03:09:10] [E_NOTICE: Trying to access array offset on value of type null] [IN FILE C:\xampp\htdocs\app\core\Core\CAuthenticator.php] [LINE 13]
[2020-09-22 03:09:40] [E_NOTICE: Trying to access array offset on value of type null] [IN FILE C:\xampp\htdocs\app\core\Core\CAuthenticator.php] [LINE 13]
[2020-09-22 03:09:13] [E_NOTICE: Undefined index: id_usuario] [IN FILE C:\xampp\htdocs\app\protected\models\usuariosModel.php] [LINE 26]
[2020-09-22 03:09:14] [E_NOTICE: Trying to access array offset on value of type null] [IN FILE C:\xampp\htdocs\app\core\Core\CAuthenticator.php] [LINE 13]
[2020-09-22 03:09:27] [E_NOTICE: Undefined index: id_usuario] [IN FILE C:\xampp\htdocs\app\protected\models\usuariosModel.php] [LINE 27]
[2020-09-22 03:09:02] [E_NOTICE: Array to string conversion] [IN FILE C:\xampp\htdocs\app\protected\models\usuariosModel.php] [LINE 22]
[2020-09-22 03:09:12] [E_NOTICE: Undefined index: id_usuario] [IN FILE C:\xampp\htdocs\app\protected\models\usuariosModel.php] [LINE 22]
[2020-09-22 03:09:18] [E_NOTICE: Undefined index: id_usuario] [IN FILE C:\xampp\htdocs\app\protected\models\usuariosModel.php] [LINE 22]
[2020-09-22 03:09:51] [E_NOTICE: Trying to access array offset on value of type null] [IN FILE C:\xampp\htdocs\app\core\Core\CAuthenticator.php] [LINE 13]
[2020-09-22 03:09:11] [E_NOTICE: Trying to access array offset on value of type bool] [IN FILE C:\xampp\htdocs\app\core\Core\CAuthenticator.php] [LINE 37]
[2020-09-22 03:09:19] [E_NOTICE: Trying to access array offset on value of type null] [IN FILE C:\xampp\htdocs\app\core\Core\CAuthenticator.php] [LINE 13]
[2020-09-22 11:09:24] [E_NOTICE: Trying to access array offset on value of type bool] [IN FILE C:\xampp\htdocs\app\core\Core\CAuthenticator.php] [LINE 35]
[2020-09-23 03:09:12] [E_NOTICE: Array to string conversion] [IN FILE C:\xampp\htdocs\app\core\Core\CController.php] [LINE 61]
[2020-09-23 03:09:06] [E_NOTICE: Array to string conversion] [IN FILE C:\xampp\htdocs\app\core\Core\CController.php] [LINE 91]
[2020-09-23 03:09:31] [E_NOTICE: Array to string conversion] [IN FILE C:\xampp\htdocs\app\core\Core\CController.php] [LINE 91]
[2020-09-23 04:09:36] [E_NOTICE: Undefined variable: response] [IN FILE C:\xampp\htdocs\app\protected\models\usuariosModel.php] [LINE 21]
[2020-09-23 05:09:58] [E_PARSE: syntax error, unexpected 'return' (T_RETURN)] [IN FILE C:\xampp\htdocs\app\protected\models\usuariosModel.php] [LINE 26]
[2020-09-23 05:09:22] [E_ERROR: Uncaught Error: Object of class PDOStatement could not be converted to string in C:\xampp\htdocs\app\core\Core\CModel.php:38
Stack trace:
#0 C:\xampp\htdocs\app\protected\models\usuariosModel.php(31): CModel->create(Array)
#1 C:\xampp\htdocs\app\protected\controllers\loginController.php(15): usuariosModel->check_access('cjoseare1995@gm...', 'sandrea')
#2 C:\xampp\htdocs\app\core\Core\CBoot.php(48): loginController->index()
#3 C:\xampp\htdocs\app\index.php(9): CBoot->__construct(Object(CRequest))
#4 {main}
  thrown] [IN FILE C:\xampp\htdocs\app\core\Core\CModel.php] [LINE 38]
[2020-09-23 06:09:47] [E_NOTICE: Trying to access array offset on value of type bool] [IN FILE C:\xampp\htdocs\app\core\Core\CAuthenticator.php] [LINE 44]
[2020-09-23 06:09:10] [E_NOTICE: Trying to access array offset on value of type bool] [IN FILE C:\xampp\htdocs\app\core\Core\CAuthenticator.php] [LINE 44]
[2020-09-23 08:09:57] [E_NOTICE: Undefined variable: hola] [IN FILE C:\xampp\htdocs\app\index.php] [LINE 9]
[2020-09-23 08:09:36] [E_NOTICE: Undefined variable: hola] [IN FILE C:\xampp\htdocs\app\index.php] [LINE 9]
[2020-09-25 10:09:27] [E_NOTICE: Undefined index: app] [IN FILE C:\xampp\htdocs\app\protected\temp\template\611309f2b7db09f8483ee11c58066104f2c2cffc_0.file.404.tpl.php] [LINE 28]
[2020-09-25 10:09:11] [E_NOTICE: Undefined index: app] [IN FILE C:\xampp\htdocs\app\protected\temp\template\611309f2b7db09f8483ee11c58066104f2c2cffc_0.file.404.tpl.php] [LINE 28]
[2020-09-25 10:09:21] [E_NOTICE: Undefined index: app] [IN FILE C:\xampp\htdocs\app\protected\temp\template\611309f2b7db09f8483ee11c58066104f2c2cffc_0.file.404.tpl.php] [LINE 28]
[2020-09-25 10:09:25] [E_NOTICE: Undefined index: app] [IN FILE C:\xampp\htdocs\app\protected\temp\template\611309f2b7db09f8483ee11c58066104f2c2cffc_0.file.404.tpl.php] [LINE 28]
[2020-09-25 10:09:37] [E_NOTICE: Undefined index: app] [IN FILE C:\xampp\htdocs\app\protected\temp\template\611309f2b7db09f8483ee11c58066104f2c2cffc_0.file.404.tpl.php] [LINE 28]
[2020-09-28 04:09:17] [E_USER_NOTICE: Undefined property: CSmarty::$_Smarty] [IN FILE C:\xampp\htdocs\app\core\Libs\smarty\libs\Smarty.class.php] [LINE 1354]
[2020-09-28 04:09:44] [E_USER_NOTICE: Undefined property: CSmarty::$_Smarty] [IN FILE C:\xampp\htdocs\app\core\Libs\smarty\libs\Smarty.class.php] [LINE 1354]
[2020-09-28 04:09:07] [E_USER_NOTICE: Undefined property: CSmarty::$_Smarty] [IN FILE C:\xampp\htdocs\app\core\Libs\smarty\libs\Smarty.class.php] [LINE 1354]
[2020-09-28 04:09:22] [E_USER_NOTICE: Undefined property: CSmarty::$_Smarty] [IN FILE C:\xampp\htdocs\app\core\Libs\smarty\libs\Smarty.class.php] [LINE 1354]
[2020-09-28 04:09:23] [E_USER_NOTICE: Undefined property: CSmarty::$_Smarty] [IN FILE C:\xampp\htdocs\app\core\Libs\smarty\libs\Smarty.class.php] [LINE 1354]
[2020-09-28 04:09:23] [E_USER_NOTICE: Undefined property: CSmarty::$_Smarty] [IN FILE C:\xampp\htdocs\app\core\Libs\smarty\libs\Smarty.class.php] [LINE 1354]
[2020-09-28 04:09:24] [E_USER_NOTICE: Undefined property: CSmarty::$_Smarty] [IN FILE C:\xampp\htdocs\app\core\Libs\smarty\libs\Smarty.class.php] [LINE 1354]
[2020-09-28 04:09:25] [E_USER_NOTICE: Undefined property: CSmarty::$_Smarty] [IN FILE C:\xampp\htdocs\app\core\Libs\smarty\libs\Smarty.class.php] [LINE 1354]
[2020-09-28 04:09:02] [E_USER_NOTICE: Undefined property: CSmarty::$_Smarty] [IN FILE C:\xampp\htdocs\app\core\Libs\smarty\libs\Smarty.class.php] [LINE 1354]
[2020-09-28 04:09:20] [E_NOTICE: Undefined index: template] [IN FILE C:\xampp\htdocs\app\templates_c\7d43fe87f64d6a6948d72a05d2705e460d7eb5de_0.file.login.tpl.php] [LINE 30]
[2020-09-28 04:09:25] [E_NOTICE: Undefined index: template] [IN FILE C:\xampp\htdocs\app\templates_c\7d43fe87f64d6a6948d72a05d2705e460d7eb5de_0.file.login.tpl.php] [LINE 30]
[2020-09-28 04:09:32] [E_NOTICE: Undefined index: template] [IN FILE C:\xampp\htdocs\app\protected\temp\template\f0927b802cbe685cdb87f3413e7851e20f238661_0.file.login.tpl.php] [LINE 30]
[2020-09-28 04:09:09] [E_USER_NOTICE: Undefined property: CSmarty::$_Smarty] [IN FILE C:\xampp\htdocs\app\core\Libs\smarty\libs\Smarty.class.php] [LINE 1354]
[2020-09-28 04:09:55] [E_NOTICE: Undefined index: app] [IN FILE C:\xampp\htdocs\app\protected\temp\template\611309f2b7db09f8483ee11c58066104f2c2cffc_0.file.404.tpl.php] [LINE 28]
[2020-09-28 04:09:58] [E_NOTICE: Undefined index: app] [IN FILE C:\xampp\htdocs\app\protected\temp\template\611309f2b7db09f8483ee11c58066104f2c2cffc_0.file.404.tpl.php] [LINE 28]
[2020-09-28 04:09:17] [E_NOTICE: Undefined index: app] [IN FILE C:\xampp\htdocs\app\protected\temp\template\611309f2b7db09f8483ee11c58066104f2c2cffc_0.file.404.tpl.php] [LINE 28]
[2020-09-28 04:09:18] [E_NOTICE: Undefined index: app] [IN FILE C:\xampp\htdocs\app\protected\temp\template\611309f2b7db09f8483ee11c58066104f2c2cffc_0.file.404.tpl.php] [LINE 28]
[2020-09-28 04:09:19] [E_NOTICE: Undefined index: app] [IN FILE C:\xampp\htdocs\app\protected\temp\template\611309f2b7db09f8483ee11c58066104f2c2cffc_0.file.404.tpl.php] [LINE 28]
[2020-09-28 04:09:19] [E_NOTICE: Undefined index: app] [IN FILE C:\xampp\htdocs\app\protected\temp\template\611309f2b7db09f8483ee11c58066104f2c2cffc_0.file.404.tpl.php] [LINE 28]
[2020-09-28 04:09:20] [E_NOTICE: Undefined index: app] [IN FILE C:\xampp\htdocs\app\protected\temp\template\611309f2b7db09f8483ee11c58066104f2c2cffc_0.file.404.tpl.php] [LINE 28]
[2020-09-28 04:09:20] [E_NOTICE: Undefined index: app] [IN FILE C:\xampp\htdocs\app\protected\temp\template\611309f2b7db09f8483ee11c58066104f2c2cffc_0.file.404.tpl.php] [LINE 28]
[2020-09-28 04:09:23] [E_NOTICE: Undefined index: app] [IN FILE C:\xampp\htdocs\app\protected\temp\template\611309f2b7db09f8483ee11c58066104f2c2cffc_0.file.404.tpl.php] [LINE 28]
[2020-09-28 04:09:25] [E_NOTICE: Undefined index: app] [IN FILE C:\xampp\htdocs\app\protected\temp\template\611309f2b7db09f8483ee11c58066104f2c2cffc_0.file.404.tpl.php] [LINE 28]
[2020-09-28 04:09:48] [E_NOTICE: Undefined index: app] [IN FILE C:\xampp\htdocs\app\protected\temp\template\611309f2b7db09f8483ee11c58066104f2c2cffc_0.file.404.tpl.php] [LINE 28]
[2020-09-28 04:09:26] [E_NOTICE: Undefined index: app] [IN FILE C:\xampp\htdocs\app\protected\temp\template\611309f2b7db09f8483ee11c58066104f2c2cffc_0.file.404.tpl.php] [LINE 28]
